-- The C compiler identification is GNU 11.4.0
-- The CXX compiler identification is GNU 11.4.0
-- Detecting C compiler ABI info
-- Detecting C compiler ABI info - done
-- Check for working C compiler: /usr/bin/cc - skipped
-- Detecting C compile features
-- Detecting C compile features - done
-- Detecting CXX compiler ABI info
-- Detecting CXX compiler ABI info - done
-- Check for working CXX compiler: /usr/bin/c++ - skipped
-- Detecting CXX compile features
-- Detecting CXX compile features - done
-- Found ament_cmake: 1.3.11 (/opt/ros/humble/share/ament_cmake/cmake)
-- Found Python3: /usr/bin/python3 (found version "3.10.12") found components: Interpreter 
-- Configuring done
-- Generating done
-- Build files have been written to: /home/tufail39/ros2_rip_ws/build/rip_description
-- Install configuration: ""
-- Installing: /home/tufail39/ros2_rip_ws/install/rip_description/share/rip_description/urdf
-- Installing: /home/tufail39/ros2_rip_ws/install/rip_description/share/rip_description/urdf/rotary_pend.urdf
-- Installing: /home/tufail39/ros2_rip_ws/install/rip_description/share/ament_index/resource_index/package_run_dependencies/rip_description
-- Installing: /home/tufail39/ros2_rip_ws/install/rip_description/share/ament_index/resource_index/parent_prefix_path/rip_description
-- Installing: /home/tufail39/ros2_rip_ws/install/rip_description/share/rip_description/environment/ament_prefix_path.sh
-- Installing: /home/tufail39/ros2_rip_ws/install/rip_description/share/rip_description/environment/ament_prefix_path.dsv
-- Installing: /home/tufail39/ros2_rip_ws/install/rip_description/share/rip_description/environment/path.sh
-- Installing: /home/tufail39/ros2_rip_ws/install/rip_description/share/rip_description/environment/path.dsv
-- Installing: /home/tufail39/ros2_rip_ws/install/rip_description/share/rip_description/local_setup.bash
-- Installing: /home/tufail39/ros2_rip_ws/install/rip_description/share/rip_description/local_setup.sh
-- Installing: /home/tufail39/ros2_rip_ws/install/rip_description/share/rip_description/local_setup.zsh
-- Installing: /home/tufail39/ros2_rip_ws/install/rip_description/share/rip_description/local_setup.dsv
-- Installing: /home/tufail39/ros2_rip_ws/install/rip_description/share/rip_description/package.dsv
-- Installing: /home/tufail39/ros2_rip_ws/install/rip_description/share/ament_index/resource_index/packages/rip_description
-- Installing: /home/tufail39/ros2_rip_ws/install/rip_description/share/rip_description/cmake/rip_descriptionConfig.cmake
-- Installing: /home/tufail39/ros2_rip_ws/install/rip_description/share/rip_description/cmake/rip_descriptionConfig-version.cmake
-- Installing: /home/tufail39/ros2_rip_ws/install/rip_description/share/rip_description/package.xml
