[0.008s] Invoking command in '/home/tufail39/ros2_rip_ws/build/rip_description': CMAKE_PREFIX_PATH=${CMAKE_PREFIX_PATH}:/home/tufail39/ros2_ws_dod/install/actions_py:/home/tufail39/ros2_ws_dod/install/my_robot_controller:/home/tufail39/ros2_ws_dod/install/my_action_package:/opt/ros/humble /usr/bin/cmake /home/tufail39/ros2_rip_ws/src/rip_description -DCMAKE_INSTALL_PREFIX=/home/tufail39/ros2_rip_ws/install/rip_description
[0.049s] -- The C compiler identification is GNU 11.4.0
[0.093s] -- The CXX compiler identification is GNU 11.4.0
[0.099s] -- Detecting C compiler ABI info
[0.151s] -- Detecting C compiler ABI info - done
[0.158s] -- Check for working C compiler: /usr/bin/cc - skipped
[0.158s] -- Detecting C compile features
[0.159s] -- Detecting C compile features - done
[0.161s] -- Detecting CXX compiler ABI info
[0.222s] -- Detecting CXX compiler ABI info - done
[0.230s] -- Check for working CXX compiler: /usr/bin/c++ - skipped
[0.230s] -- Detecting CXX compile features
[0.230s] -- Detecting CXX compile features - done
[0.232s] -- Found ament_cmake: 1.3.11 (/opt/ros/humble/share/ament_cmake/cmake)
[0.370s] -- Found Python3: /usr/bin/python3 (found version "3.10.12") found components: Interpreter 
[0.505s] -- Configuring done
[0.507s] -- Generating done
[0.508s] -- Build files have been written to: /home/tufail39/ros2_rip_ws/build/rip_description
[0.511s] Invoked command in '/home/tufail39/ros2_rip_ws/build/rip_description' returned '0': CMAKE_PREFIX_PATH=${CMAKE_PREFIX_PATH}:/home/tufail39/ros2_ws_dod/install/actions_py:/home/tufail39/ros2_ws_dod/install/my_robot_controller:/home/tufail39/ros2_ws_dod/install/my_action_package:/opt/ros/humble /usr/bin/cmake /home/tufail39/ros2_rip_ws/src/rip_description -DCMAKE_INSTALL_PREFIX=/home/tufail39/ros2_rip_ws/install/rip_description
[0.513s] Invoking command in '/home/tufail39/ros2_rip_ws/build/rip_description': CMAKE_PREFIX_PATH=${CMAKE_PREFIX_PATH}:/home/tufail39/ros2_ws_dod/install/actions_py:/home/tufail39/ros2_ws_dod/install/my_robot_controller:/home/tufail39/ros2_ws_dod/install/my_action_package:/opt/ros/humble /usr/bin/cmake --build /home/tufail39/ros2_rip_ws/build/rip_description -- -j16 -l16
[0.540s] Invoked command in '/home/tufail39/ros2_rip_ws/build/rip_description' returned '0': CMAKE_PREFIX_PATH=${CMAKE_PREFIX_PATH}:/home/tufail39/ros2_ws_dod/install/actions_py:/home/tufail39/ros2_ws_dod/install/my_robot_controller:/home/tufail39/ros2_ws_dod/install/my_action_package:/opt/ros/humble /usr/bin/cmake --build /home/tufail39/ros2_rip_ws/build/rip_description -- -j16 -l16
[0.547s] Invoking command in '/home/tufail39/ros2_rip_ws/build/rip_description': CMAKE_PREFIX_PATH=${CMAKE_PREFIX_PATH}:/home/tufail39/ros2_ws_dod/install/actions_py:/home/tufail39/ros2_ws_dod/install/my_robot_controller:/home/tufail39/ros2_ws_dod/install/my_action_package:/opt/ros/humble /usr/bin/cmake --install /home/tufail39/ros2_rip_ws/build/rip_description
[0.552s] -- Install configuration: ""
[0.552s] -- Installing: /home/tufail39/ros2_rip_ws/install/rip_description/share/rip_description/urdf
[0.553s] -- Installing: /home/tufail39/ros2_rip_ws/install/rip_description/share/rip_description/urdf/rotary_pend.urdf
[0.553s] -- Installing: /home/tufail39/ros2_rip_ws/install/rip_description/share/ament_index/resource_index/package_run_dependencies/rip_description
[0.553s] -- Installing: /home/tufail39/ros2_rip_ws/install/rip_description/share/ament_index/resource_index/parent_prefix_path/rip_description
[0.553s] -- Installing: /home/tufail39/ros2_rip_ws/install/rip_description/share/rip_description/environment/ament_prefix_path.sh
[0.553s] -- Installing: /home/tufail39/ros2_rip_ws/install/rip_description/share/rip_description/environment/ament_prefix_path.dsv
[0.553s] -- Installing: /home/tufail39/ros2_rip_ws/install/rip_description/share/rip_description/environment/path.sh
[0.553s] -- Installing: /home/tufail39/ros2_rip_ws/install/rip_description/share/rip_description/environment/path.dsv
[0.553s] -- Installing: /home/tufail39/ros2_rip_ws/install/rip_description/share/rip_description/local_setup.bash
[0.553s] -- Installing: /home/tufail39/ros2_rip_ws/install/rip_description/share/rip_description/local_setup.sh
[0.553s] -- Installing: /home/tufail39/ros2_rip_ws/install/rip_description/share/rip_description/local_setup.zsh
[0.554s] -- Installing: /home/tufail39/ros2_rip_ws/install/rip_description/share/rip_description/local_setup.dsv
[0.554s] -- Installing: /home/tufail39/ros2_rip_ws/install/rip_description/share/rip_description/package.dsv
[0.554s] -- Installing: /home/tufail39/ros2_rip_ws/install/rip_description/share/ament_index/resource_index/packages/rip_description
[0.554s] -- Installing: /home/tufail39/ros2_rip_ws/install/rip_description/share/rip_description/cmake/rip_descriptionConfig.cmake
[0.554s] -- Installing: /home/tufail39/ros2_rip_ws/install/rip_description/share/rip_description/cmake/rip_descriptionConfig-version.cmake
[0.554s] -- Installing: /home/tufail39/ros2_rip_ws/install/rip_description/share/rip_description/package.xml
[0.555s] Invoked command in '/home/tufail39/ros2_rip_ws/build/rip_description' returned '0': CMAKE_PREFIX_PATH=${CMAKE_PREFIX_PATH}:/home/tufail39/ros2_ws_dod/install/actions_py:/home/tufail39/ros2_ws_dod/install/my_robot_controller:/home/tufail39/ros2_ws_dod/install/my_action_package:/opt/ros/humble /usr/bin/cmake --install /home/tufail39/ros2_rip_ws/build/rip_description
